[1.055s] Invoking command in '/home/altair/S-project/ROS2_Roboware/src/robot_controller': PYTHONPATH=/home/altair/S-project/ROS2_Roboware/build/robot_controller/prefix_override:/usr/lib/python3/dist-packages/colcon_core/task/python/colcon_distutils_commands:/home/altair/S-project/ROS2_Roboware/install/robot_controller/lib/python3.10/site-packages:${PYTHONPATH} /usr/bin/python3 -W ignore:setup.py install is deprecated setup.py egg_info --egg-base ../../build/robot_controller build --build-base /home/altair/S-project/ROS2_Roboware/build/robot_controller/build install --record /home/altair/S-project/ROS2_Roboware/build/robot_controller/install.log --single-version-externally-managed install_data
[1.423s] running egg_info
[1.424s] writing ../../build/robot_controller/robot_controller.egg-info/PKG-INFO
[1.424s] writing dependency_links to ../../build/robot_controller/robot_controller.egg-info/dependency_links.txt
[1.424s] writing entry points to ../../build/robot_controller/robot_controller.egg-info/entry_points.txt
[1.424s] writing requirements to ../../build/robot_controller/robot_controller.egg-info/requires.txt
[1.424s] writing top-level names to ../../build/robot_controller/robot_controller.egg-info/top_level.txt
[1.457s] reading manifest file '../../build/robot_controller/robot_controller.egg-info/SOURCES.txt'
[1.458s] writing manifest file '../../build/robot_controller/robot_controller.egg-info/SOURCES.txt'
[1.458s] running build
[1.458s] running build_py
[1.459s] running install
[1.459s] running install_lib
[1.461s] running install_data
[1.461s] copying launch/robot_gazebo_launch.py -> /home/altair/S-project/ROS2_Roboware/install/robot_controller/share/robot_controller/launch
[1.461s] running install_egg_info
[1.463s] removing '/home/altair/S-project/ROS2_Roboware/install/robot_controller/lib/python3.10/site-packages/robot_controller-1.0.0-py3.10.egg-info' (and everything under it)
[1.463s] Copying ../../build/robot_controller/robot_controller.egg-info to /home/altair/S-project/ROS2_Roboware/install/robot_controller/lib/python3.10/site-packages/robot_controller-1.0.0-py3.10.egg-info
[1.464s] running install_scripts
[1.484s] Installing controller_node script to /home/altair/S-project/ROS2_Roboware/install/robot_controller/lib/robot_controller
[1.484s] Installing rviz_position_node script to /home/altair/S-project/ROS2_Roboware/install/robot_controller/lib/robot_controller
[1.484s] Installing serial_read_node script to /home/altair/S-project/ROS2_Roboware/install/robot_controller/lib/robot_controller
[1.484s] Installing serial_send_node script to /home/altair/S-project/ROS2_Roboware/install/robot_controller/lib/robot_controller
[1.484s] writing list of installed files to '/home/altair/S-project/ROS2_Roboware/build/robot_controller/install.log'
[1.512s] Invoked command in '/home/altair/S-project/ROS2_Roboware/src/robot_controller' returned '0': PYTHONPATH=/home/altair/S-project/ROS2_Roboware/build/robot_controller/prefix_override:/usr/lib/python3/dist-packages/colcon_core/task/python/colcon_distutils_commands:/home/altair/S-project/ROS2_Roboware/install/robot_controller/lib/python3.10/site-packages:${PYTHONPATH} /usr/bin/python3 -W ignore:setup.py install is deprecated setup.py egg_info --egg-base ../../build/robot_controller build --build-base /home/altair/S-project/ROS2_Roboware/build/robot_controller/build install --record /home/altair/S-project/ROS2_Roboware/build/robot_controller/install.log --single-version-externally-managed install_data
