[1.528s] Invoking command in '/home/altair/S-project/ROS2_Roboware/src/robot_controller': PYTHONPATH=/home/altair/S-project/ROS2_Roboware/build/robot_controller/prefix_override:/usr/lib/python3/dist-packages/colcon_core/task/python/colcon_distutils_commands:/home/altair/S-project/ROS2_Roboware/install/robot_controller/lib/python3.10/site-packages:${PYTHONPATH} /usr/bin/python3 -W ignore:setup.py install is deprecated setup.py egg_info --egg-base ../../build/robot_controller build --build-base /home/altair/S-project/ROS2_Roboware/build/robot_controller/build install --record /home/altair/S-project/ROS2_Roboware/build/robot_controller/install.log --single-version-externally-managed install_data
[1.731s] /home/altair/.local/lib/python3.10/site-packages/setuptools/_distutils/dist.py:261: UserWarning: Unknown distribution option: 'tests_require'
[1.731s]   warnings.warn(msg)
[1.896s] running egg_info
[1.923s] writing ../../build/robot_controller/robot_controller.egg-info/PKG-INFO
[1.924s] writing dependency_links to ../../build/robot_controller/robot_controller.egg-info/dependency_links.txt
[1.924s] writing entry points to ../../build/robot_controller/robot_controller.egg-info/entry_points.txt
[1.924s] writing requirements to ../../build/robot_controller/robot_controller.egg-info/requires.txt
[1.924s] writing top-level names to ../../build/robot_controller/robot_controller.egg-info/top_level.txt
[1.980s] reading manifest file '../../build/robot_controller/robot_controller.egg-info/SOURCES.txt'
[1.981s] Traceback (most recent call last):
[1.981s]   File "/home/altair/S-project/ROS2_Roboware/src/robot_controller/setup.py", line 5, in <module>
[1.981s]     setup(
[1.981s]   File "/home/altair/.local/lib/python3.10/site-packages/setuptools/__init__.py", line 117, in setup
[1.981s]     return distutils.core.setup(**attrs)
[1.981s]   File "/home/altair/.local/lib/python3.10/site-packages/setuptools/_distutils/core.py", line 183, in setup
[1.982s]     return run_commands(dist)
[1.982s]   File "/home/altair/.local/lib/python3.10/site-packages/setuptools/_distutils/core.py", line 199, in run_commands
[1.982s]     dist.run_commands()
[1.982s]   File "/home/altair/.local/lib/python3.10/site-packages/setuptools/_distutils/dist.py", line 954, in run_commands
[1.982s]     self.run_command(cmd)
[1.982s]   File "/home/altair/.local/lib/python3.10/site-packages/setuptools/dist.py", line 999, in run_command
[1.983s]     super().run_command(command)
[1.983s]   File "/home/altair/.local/lib/python3.10/site-packages/setuptools/_distutils/dist.py", line 973, in run_command
[1.983s]     cmd_obj.run()
[1.983s]   File "/home/altair/.local/lib/python3.10/site-packages/setuptools/command/egg_info.py", line 312, in run
[1.983s]     self.find_sources()
[1.983s]   File "/home/altair/.local/lib/python3.10/site-packages/setuptools/command/egg_info.py", line 320, in find_sources
[1.984s]     mm.run()
[1.984s]   File "/home/altair/.local/lib/python3.10/site-packages/setuptools/command/egg_info.py", line 546, in run
[1.984s]     self.prune_file_list()
[1.984s]   File "/home/altair/.local/lib/python3.10/site-packages/setuptools/command/sdist.py", line 162, in prune_file_list
[1.984s]     super().prune_file_list()
[1.984s]   File "/home/altair/.local/lib/python3.10/site-packages/setuptools/_distutils/command/sdist.py", line 380, in prune_file_list
[1.984s]     base_dir = self.distribution.get_fullname()
[1.984s]   File "/home/altair/.local/lib/python3.10/site-packages/setuptools/_core_metadata.py", line 267, in get_fullname
[1.985s]     return _distribution_fullname(self.get_name(), self.get_version())
[1.985s]   File "/home/altair/.local/lib/python3.10/site-packages/setuptools/_core_metadata.py", line 285, in _distribution_fullname
[1.985s]     canonicalize_version(version, strip_trailing_zero=False),
[1.985s] TypeError: canonicalize_version() got an unexpected keyword argument 'strip_trailing_zero'
[2.010s] Invoked command in '/home/altair/S-project/ROS2_Roboware/src/robot_controller' returned '1': PYTHONPATH=/home/altair/S-project/ROS2_Roboware/build/robot_controller/prefix_override:/usr/lib/python3/dist-packages/colcon_core/task/python/colcon_distutils_commands:/home/altair/S-project/ROS2_Roboware/install/robot_controller/lib/python3.10/site-packages:${PYTHONPATH} /usr/bin/python3 -W ignore:setup.py install is deprecated setup.py egg_info --egg-base ../../build/robot_controller build --build-base /home/altair/S-project/ROS2_Roboware/build/robot_controller/build install --record /home/altair/S-project/ROS2_Roboware/build/robot_controller/install.log --single-version-externally-managed install_data
