[1.702s] Invoking command in '/home/altair/S-project/ROS2_Roboware/src/robot_controller': PYTHONPATH=/home/altair/S-project/ROS2_Roboware/build/robot_controller/prefix_override:/usr/lib/python3/dist-packages/colcon_core/task/python/colcon_distutils_commands:/home/altair/S-project/ROS2_Roboware/install/robot_controller/lib/python3.10/site-packages:${PYTHONPATH} /usr/bin/python3 -W ignore:setup.py install is deprecated setup.py egg_info --egg-base ../../build/robot_controller build --build-base /home/altair/S-project/ROS2_Roboware/build/robot_controller/build install --record /home/altair/S-project/ROS2_Roboware/build/robot_controller/install.log --single-version-externally-managed install_data
[2.057s] running egg_info
[2.058s] writing ../../build/robot_controller/robot_controller.egg-info/PKG-INFO
[2.058s] writing dependency_links to ../../build/robot_controller/robot_controller.egg-info/dependency_links.txt
[2.058s] writing entry points to ../../build/robot_controller/robot_controller.egg-info/entry_points.txt
[2.059s] writing requirements to ../../build/robot_controller/robot_controller.egg-info/requires.txt
[2.059s] writing top-level names to ../../build/robot_controller/robot_controller.egg-info/top_level.txt
[2.061s] reading manifest file '../../build/robot_controller/robot_controller.egg-info/SOURCES.txt'
[2.062s] writing manifest file '../../build/robot_controller/robot_controller.egg-info/SOURCES.txt'
[2.062s] running build
[2.062s] running build_py
[2.062s] copying robot_controller/controller_node.py -> /home/altair/S-project/ROS2_Roboware/build/robot_controller/build/lib/robot_controller
[2.062s] running install
[2.062s] running install_lib
[2.063s] copying /home/altair/S-project/ROS2_Roboware/build/robot_controller/build/lib/robot_controller/controller_node.py -> /home/altair/S-project/ROS2_Roboware/install/robot_controller/lib/python3.10/site-packages/robot_controller
[2.064s] byte-compiling /home/altair/S-project/ROS2_Roboware/install/robot_controller/lib/python3.10/site-packages/robot_controller/controller_node.py to controller_node.cpython-310.pyc
[2.065s] running install_data
[2.065s] running install_egg_info
[2.067s] removing '/home/altair/S-project/ROS2_Roboware/install/robot_controller/lib/python3.10/site-packages/robot_controller-1.0.0-py3.10.egg-info' (and everything under it)
[2.067s] Copying ../../build/robot_controller/robot_controller.egg-info to /home/altair/S-project/ROS2_Roboware/install/robot_controller/lib/python3.10/site-packages/robot_controller-1.0.0-py3.10.egg-info
[2.068s] running install_scripts
[2.088s] Installing controller_node script to /home/altair/S-project/ROS2_Roboware/install/robot_controller/lib/robot_controller
[2.088s] Installing rviz_position_node script to /home/altair/S-project/ROS2_Roboware/install/robot_controller/lib/robot_controller
[2.088s] Installing serial_read_node script to /home/altair/S-project/ROS2_Roboware/install/robot_controller/lib/robot_controller
[2.088s] Installing serial_send_node script to /home/altair/S-project/ROS2_Roboware/install/robot_controller/lib/robot_controller
[2.088s] writing list of installed files to '/home/altair/S-project/ROS2_Roboware/build/robot_controller/install.log'
[2.112s] Invoked command in '/home/altair/S-project/ROS2_Roboware/src/robot_controller' returned '0': PYTHONPATH=/home/altair/S-project/ROS2_Roboware/build/robot_controller/prefix_override:/usr/lib/python3/dist-packages/colcon_core/task/python/colcon_distutils_commands:/home/altair/S-project/ROS2_Roboware/install/robot_controller/lib/python3.10/site-packages:${PYTHONPATH} /usr/bin/python3 -W ignore:setup.py install is deprecated setup.py egg_info --egg-base ../../build/robot_controller build --build-base /home/altair/S-project/ROS2_Roboware/build/robot_controller/build install --record /home/altair/S-project/ROS2_Roboware/build/robot_controller/install.log --single-version-externally-managed install_data
