[1.085s] Invoking command in '/home/altair/S-project/ROS2_Roboware/src/robot_controller': PYTHONPATH=/home/altair/S-project/ROS2_Roboware/build/robot_controller/prefix_override:/usr/lib/python3/dist-packages/colcon_core/task/python/colcon_distutils_commands:/home/altair/S-project/ROS2_Roboware/install/robot_controller/lib/python3.10/site-packages:${PYTHONPATH} /usr/bin/python3 -W ignore:setup.py install is deprecated setup.py egg_info --egg-base ../../build/robot_controller build --build-base /home/altair/S-project/ROS2_Roboware/build/robot_controller/build install --record /home/altair/S-project/ROS2_Roboware/build/robot_controller/install.log --single-version-externally-managed install_data
[1.496s] running egg_info
[1.497s] writing ../../build/robot_controller/robot_controller.egg-info/PKG-INFO
[1.497s] writing dependency_links to ../../build/robot_controller/robot_controller.egg-info/dependency_links.txt
[1.497s] writing entry points to ../../build/robot_controller/robot_controller.egg-info/entry_points.txt
[1.497s] writing requirements to ../../build/robot_controller/robot_controller.egg-info/requires.txt
[1.497s] writing top-level names to ../../build/robot_controller/robot_controller.egg-info/top_level.txt
[1.499s] reading manifest file '../../build/robot_controller/robot_controller.egg-info/SOURCES.txt'
[1.500s] writing manifest file '../../build/robot_controller/robot_controller.egg-info/SOURCES.txt'
[1.500s] running build
[1.500s] running build_py
[1.501s] copying robot_controller/controller_node.py -> /home/altair/S-project/ROS2_Roboware/build/robot_controller/build/lib/robot_controller
[1.502s] running install
[1.505s] running install_lib
[1.511s] copying /home/altair/S-project/ROS2_Roboware/build/robot_controller/build/lib/robot_controller/controller_node.py -> /home/altair/S-project/ROS2_Roboware/install/robot_controller/lib/python3.10/site-packages/robot_controller
[1.517s] byte-compiling /home/altair/S-project/ROS2_Roboware/install/robot_controller/lib/python3.10/site-packages/robot_controller/controller_node.py to controller_node.cpython-310.pyc
[1.518s] running install_data
[1.518s] running install_egg_info
[1.520s] removing '/home/altair/S-project/ROS2_Roboware/install/robot_controller/lib/python3.10/site-packages/robot_controller-1.0.0-py3.10.egg-info' (and everything under it)
[1.520s] Copying ../../build/robot_controller/robot_controller.egg-info to /home/altair/S-project/ROS2_Roboware/install/robot_controller/lib/python3.10/site-packages/robot_controller-1.0.0-py3.10.egg-info
[1.522s] running install_scripts
[1.557s] Installing controller_node script to /home/altair/S-project/ROS2_Roboware/install/robot_controller/lib/robot_controller
[1.557s] Installing rviz_position_node script to /home/altair/S-project/ROS2_Roboware/install/robot_controller/lib/robot_controller
[1.557s] Installing serial_read_node script to /home/altair/S-project/ROS2_Roboware/install/robot_controller/lib/robot_controller
[1.557s] Installing serial_send_node script to /home/altair/S-project/ROS2_Roboware/install/robot_controller/lib/robot_controller
[1.558s] writing list of installed files to '/home/altair/S-project/ROS2_Roboware/build/robot_controller/install.log'
[1.582s] Invoked command in '/home/altair/S-project/ROS2_Roboware/src/robot_controller' returned '0': PYTHONPATH=/home/altair/S-project/ROS2_Roboware/build/robot_controller/prefix_override:/usr/lib/python3/dist-packages/colcon_core/task/python/colcon_distutils_commands:/home/altair/S-project/ROS2_Roboware/install/robot_controller/lib/python3.10/site-packages:${PYTHONPATH} /usr/bin/python3 -W ignore:setup.py install is deprecated setup.py egg_info --egg-base ../../build/robot_controller build --build-base /home/altair/S-project/ROS2_Roboware/build/robot_controller/build install --record /home/altair/S-project/ROS2_Roboware/build/robot_controller/install.log --single-version-externally-managed install_data
