[2.141s] Invoking command in '/home/altair/S-project/ROS2_Roboware/src/robot_controller': PYTHONPATH=/home/altair/S-project/ROS2_Roboware/build/robot_controller/prefix_override:/usr/lib/python3/dist-packages/colcon_core/task/python/colcon_distutils_commands:/home/altair/S-project/ROS2_Roboware/install/robot_controller/lib/python3.10/site-packages:${PYTHONPATH} /usr/bin/python3 -W ignore:setup.py install is deprecated setup.py egg_info --egg-base ../../build/robot_controller build --build-base /home/altair/S-project/ROS2_Roboware/build/robot_controller/build install --record /home/altair/S-project/ROS2_Roboware/build/robot_controller/install.log --single-version-externally-managed install_data
[2.345s] /home/altair/.local/lib/python3.10/site-packages/setuptools/_distutils/dist.py:261: UserWarning: Unknown distribution option: 'tests_require'
[2.345s]   warnings.warn(msg)
[2.512s] running egg_info
[2.539s] writing ../../build/robot_controller/robot_controller.egg-info/PKG-INFO
[2.540s] writing dependency_links to ../../build/robot_controller/robot_controller.egg-info/dependency_links.txt
[2.540s] writing entry points to ../../build/robot_controller/robot_controller.egg-info/entry_points.txt
[2.540s] writing requirements to ../../build/robot_controller/robot_controller.egg-info/requires.txt
[2.540s] writing top-level names to ../../build/robot_controller/robot_controller.egg-info/top_level.txt
[2.596s] reading manifest file '../../build/robot_controller/robot_controller.egg-info/SOURCES.txt'
[2.597s] Traceback (most recent call last):
[2.597s]   File "/home/altair/S-project/ROS2_Roboware/src/robot_controller/setup.py", line 5, in <module>
[2.597s]     setup(
[2.597s]   File "/home/altair/.local/lib/python3.10/site-packages/setuptools/__init__.py", line 117, in setup
[2.597s]     return distutils.core.setup(**attrs)
[2.597s]   File "/home/altair/.local/lib/python3.10/site-packages/setuptools/_distutils/core.py", line 183, in setup
[2.597s]     return run_commands(dist)
[2.597s]   File "/home/altair/.local/lib/python3.10/site-packages/setuptools/_distutils/core.py", line 199, in run_commands
[2.597s]     dist.run_commands()
[2.597s]   File "/home/altair/.local/lib/python3.10/site-packages/setuptools/_distutils/dist.py", line 954, in run_commands
[2.598s]     self.run_command(cmd)
[2.598s]   File "/home/altair/.local/lib/python3.10/site-packages/setuptools/dist.py", line 999, in run_command
[2.598s]     super().run_command(command)
[2.598s]   File "/home/altair/.local/lib/python3.10/site-packages/setuptools/_distutils/dist.py", line 973, in run_command
[2.598s]     cmd_obj.run()
[2.598s]   File "/home/altair/.local/lib/python3.10/site-packages/setuptools/command/egg_info.py", line 312, in run
[2.599s]     self.find_sources()
[2.599s]   File "/home/altair/.local/lib/python3.10/site-packages/setuptools/command/egg_info.py", line 320, in find_sources
[2.599s]     mm.run()
[2.599s]   File "/home/altair/.local/lib/python3.10/site-packages/setuptools/command/egg_info.py", line 546, in run
[2.599s]     self.prune_file_list()
[2.599s]   File "/home/altair/.local/lib/python3.10/site-packages/setuptools/command/sdist.py", line 162, in prune_file_list
[2.599s]     super().prune_file_list()
[2.599s]   File "/home/altair/.local/lib/python3.10/site-packages/setuptools/_distutils/command/sdist.py", line 380, in prune_file_list
[2.600s]     base_dir = self.distribution.get_fullname()
[2.600s]   File "/home/altair/.local/lib/python3.10/site-packages/setuptools/_core_metadata.py", line 267, in get_fullname
[2.600s]     return _distribution_fullname(self.get_name(), self.get_version())
[2.600s]   File "/home/altair/.local/lib/python3.10/site-packages/setuptools/_core_metadata.py", line 285, in _distribution_fullname
[2.600s]     canonicalize_version(version, strip_trailing_zero=False),
[2.600s] TypeError: canonicalize_version() got an unexpected keyword argument 'strip_trailing_zero'
[2.624s] Invoked command in '/home/altair/S-project/ROS2_Roboware/src/robot_controller' returned '1': PYTHONPATH=/home/altair/S-project/ROS2_Roboware/build/robot_controller/prefix_override:/usr/lib/python3/dist-packages/colcon_core/task/python/colcon_distutils_commands:/home/altair/S-project/ROS2_Roboware/install/robot_controller/lib/python3.10/site-packages:${PYTHONPATH} /usr/bin/python3 -W ignore:setup.py install is deprecated setup.py egg_info --egg-base ../../build/robot_controller build --build-base /home/altair/S-project/ROS2_Roboware/build/robot_controller/build install --record /home/altair/S-project/ROS2_Roboware/build/robot_controller/install.log --single-version-externally-managed install_data
